Incial
1650381551: mosquitto version 2.0.14 starting
1650381551: Config loaded from /mosquitto/config/mosquitto.conf.
1650381551: Opening ipv4 listen socket on port 1883.
1650381551: Opening ipv6 listen socket on port 1883.
1650381551: mosquitto version 2.0.14 running
1650381641: New connection from 189.169.193.148:49445 on port 1883.
1650381641: New client connected from 189.169.193.148:49445 as mqttx_637294d0 (p2, c1, k60).
1650381726: New connection from 74.208.141.82:39318 on port 1883.
1650381726: Client <unknown> closed its connection.
1650382026: New connection from 74.208.141.82:39744 on port 1883.
1650382026: Client <unknown> closed its connection.
1650382044: Client mqttx_637294d0 disconnected.
1650382054: New connection from 189.169.193.148:49513 on port 1883.
1650382054: Client mqttx_26acbf3e disconnected, not authorised.
1650382234: New connection from 189.169.193.148:49537 on port 1883.
1650382234: Client usuarioMQTT disconnected, not authorised.
1650382326: New connection from 74.208.141.82:40158 on port 1883.
1650382326: Client <unknown> closed its connection.
1650382626: New connection from 74.208.141.82:40594 on port 1883.
1650382626: Client <unknown> closed its connection.
1650382773: New connection from 189.169.193.148:49630 on port 1883.
1650382773: Client mqttx_26acbf3e disconnected, not authorised.
1650382926: New connection from 74.208.141.82:41040 on port 1883.
1650382926: Client <unknown> closed its connection.
1650383226: New connection from 74.208.141.82:41476 on port 1883.
1650383226: Client <unknown> closed its connection.
1650383352: Saving in-memory database to /data/mosquitto.db.
1650383352: Error saving in-memory database, unable to open /data/mosquitto.db.new for writing.
1650383352: Error: No such file or directory.
1650383526: New connection from 74.208.141.82:42110 on port 1883.
1650383526: Client <unknown> closed its connection.
1650383751: mosquitto version 2.0.14 terminating
1650383751: Saving in-memory database to /data/mosquitto.db.
1650383751: Error saving in-memory database, unable to open /data/mosquitto.db.new for writing.
1650383751: Error: No such file or directory.
1650383778: mosquitto version 2.0.14 starting
1650383778: Config loaded from /mosquitto/config/mosquitto.conf.
1650383778: Opening ipv4 listen socket on port 1883.
1650383778: Opening ipv6 listen socket on port 1883.
1650383778: mosquitto version 2.0.14 running
1650383796: New connection from 189.169.193.148:49714 on port 1883.
1650383796: Client mqttx_26acbf3e disconnected, not authorised.
1650383813: New connection from 189.169.193.148:49716 on port 1883.
1650383813: Client usuarioMQTT disconnected, not authorised.
1650383830: New connection from 74.208.141.82:42760 on port 1883.
1650383830: Client <unknown> closed its connection.
1650384195: New connection from 189.169.193.148:49771 on port 1883.
1650384195: Client mqttx_abcb691e disconnected, not authorised.
1650384268: New connection from 189.169.193.148:49774 on port 1883.
1650384268: Client <unknown> disconnected due to malformed packet.
1650384280: New connection from 189.169.193.148:49775 on port 1883.
1650384280: Client mqttx_abcb691e disconnected, not authorised.
1650384447: New connection from 74.208.141.82:43524 on port 1883.
1650384447: Client <unknown> closed its connection.
1650384747: New connection from 74.208.141.82:44034 on port 1883.
1650384747: Client <unknown> closed its connection.
1650385047: New connection from 74.208.141.82:44442 on port 1883.
1650385047: Client <unknown> closed its connection.
1650385347: New connection from 74.208.141.82:44864 on port 1883.
1650385347: Client <unknown> closed its connection.
1650385579: Saving in-memory database to /data/mosquitto.db.
1650385579: Error saving in-memory database, unable to open /data/mosquitto.db.new for writing.
1650385579: Error: No such file or directory.
1650385647: New connection from 74.208.141.82:45314 on port 1883.
1650385647: Client <unknown> closed its connection.
1650385947: New connection from 74.208.141.82:45734 on port 1883.
1650385947: Client <unknown> closed its connection.
1650386279: New connection from 74.208.141.82:46022 on port 1883.
1650386279: Client <unknown> closed its connection.
1650386579: New connection from 74.208.141.82:46446 on port 1883.
1650386579: Client <unknown> closed its connection.
1650386880: New connection from 74.208.141.82:46844 on port 1883.
1650386880: Client <unknown> closed its connection.
1650387180: New connection from 74.208.141.82:47264 on port 1883.
1650387180: Client <unknown> closed its connection.
1650387380: Saving in-memory database to /data/mosquitto.db.
1650387380: Error saving in-memory database, unable to open /data/mosquitto.db.new for writing.
1650387380: Error: No such file or directory.
1650387407: New connection from 74.208.141.82:47416 on port 1883.
1650387407: Client <unknown> closed its connection.
1650387707: New connection from 74.208.141.82:47832 on port 1883.
1650387707: Client <unknown> closed its connection.
1650388007: New connection from 74.208.141.82:48280 on port 1883.
1650388007: Client <unknown> closed its connection.
1650388307: New connection from 74.208.141.82:48738 on port 1883.
1650388307: Client <unknown> closed its connection.
1650388513: mosquitto version 2.0.14 terminating
1650388513: Saving in-memory database to /data/mosquitto.db.
1650388513: Error saving in-memory database, unable to open /data/mosquitto.db.new for writing.
1650388513: Error: No such file or directory.
1650388520: mosquitto version 2.0.14 starting
1650388520: Config loaded from /mosquitto/config/mosquitto.conf.
1650388520: Opening ipv4 listen socket on port 1883.
1650388520: Opening ipv6 listen socket on port 1883.
1650388520: mosquitto version 2.0.14 running
1650388576: New connection from 189.169.193.148:50739 on port 1883.
1650388576: New client connected from 189.169.193.148:50739 as usuarioMQTT (p2, c1, k60, u'usuarioMQTT').
1650388607: New connection from 74.208.141.82:49152 on port 1883.
1650388607: Client <unknown> closed its connection.
1650388608: New connection from 189.169.193.148:50755 on port 1883.
1650388608: Client mqttx_637294d0 disconnected, not authorised.
1650388620: New connection from 189.169.193.148:50756 on port 1883.
1650388620: New client connected from 189.169.193.148:50756 as mqttx_26acbf3e (p2, c1, k60, u'tagtemporal').
1650388661: Client mqttx_26acbf3e disconnected.
1650388679: New connection from 189.169.193.148:14549 on port 1883.
1650388679: New client connected from 189.169.193.148:14549 as mqttx_26acbf3e (p2, c1, k60, u'tagtemporal').
1650388907: New connection from 74.208.141.82:49580 on port 1883.
1650388907: Client <unknown> closed its connection.
1650389207: New connection from 74.208.141.82:50002 on port 1883.
1650389207: Client <unknown> closed its connection.
1650389428: New connection from 74.208.141.82:50146 on port 1883.
1650389428: Client <unknown> closed its connection.
1650389728: New connection from 74.208.141.82:50566 on port 1883.
1650389728: Client <unknown> closed its connection.
1650390028: New connection from 74.208.141.82:50990 on port 1883.
1650390028: Client <unknown> closed its connection.
1650390321: Saving in-memory database to /data/mosquitto.db.
1650390321: Error saving in-memory database, unable to open /data/mosquitto.db.new for writing.
1650390321: Error: No such file or directory.
1650390453: New connection from 74.208.141.82:51408 on port 1883.
1650390453: Client <unknown> closed its connection.
1650390753: New connection from 74.208.141.82:51818 on port 1883.
1650390753: Client <unknown> closed its connection.
1650391053: New connection from 74.208.141.82:52230 on port 1883.
1650391053: Client <unknown> closed its connection.
1650391353: New connection from 74.208.141.82:52650 on port 1883.
1650391353: Client <unknown> closed its connection.
1650391653: New connection from 74.208.141.82:53078 on port 1883.
1650391653: Client <unknown> closed its connection.
1650391953: New connection from 74.208.141.82:53512 on port 1883.
1650391953: Client <unknown> closed its connection.
1650392055: New connection from 185.165.190.34:50949 on port 1883.
1650392055: Client paho/A9632400760FF1A075 disconnected, not authorised.
1650392122: Saving in-memory database to /data/mosquitto.db.
1650392122: Error saving in-memory database, unable to open /data/mosquitto.db.new for writing.
1650392122: Error: No such file or directory.
1650392253: New connection from 74.208.141.82:53950 on port 1883.
1650392253: Client <unknown> closed its connection.
1650392553: New connection from 74.208.141.82:54356 on port 1883.
1650392553: Client <unknown> closed its connection.
1650392853: New connection from 74.208.141.82:54790 on port 1883.
1650392853: Client <unknown> closed its connection.
1650393392: New connection from 74.208.141.82:55428 on port 1883.
1650393392: Client <unknown> closed its connection.
1650393416: mosquitto version 2.0.14 terminating
1650393416: Saving in-memory database to /data/mosquitto.db.
1650393416: Error saving in-memory database, unable to open /data/mosquitto.db.new for writing.
1650393416: Error: No such file or directory.
1650393815: mosquitto version 2.0.14 starting
1650393815: Config loaded from /mosquitto/config/mosquitto.conf.
1650393815: Opening ipv4 listen socket on port 1883.
1650393815: Opening ipv6 listen socket on port 1883.
1650393815: Error: Unsupported tls_version "tlsv1".
1650393816: mosquitto version 2.0.14 starting
1650393816: Config loaded from /mosquitto/config/mosquitto.conf.
1650393816: Opening ipv4 listen socket on port 1883.
1650393816: Opening ipv6 listen socket on port 1883.
1650393816: Error: Unsupported tls_version "tlsv1".
1650393816: mosquitto version 2.0.14 starting
1650393816: Config loaded from /mosquitto/config/mosquitto.conf.
1650393816: Opening ipv4 listen socket on port 1883.
1650393816: Opening ipv6 listen socket on port 1883.
1650393816: Error: Unsupported tls_version "tlsv1".
1650393817: mosquitto version 2.0.14 starting
1650393817: Config loaded from /mosquitto/config/mosquitto.conf.
1650393817: Opening ipv4 listen socket on port 1883.
1650393817: Opening ipv6 listen socket on port 1883.
1650393817: Error: Unsupported tls_version "tlsv1".
1650393818: mosquitto version 2.0.14 starting
1650393818: Config loaded from /mosquitto/config/mosquitto.conf.
1650393818: Opening ipv4 listen socket on port 1883.
1650393818: Opening ipv6 listen socket on port 1883.
1650393818: Error: Unsupported tls_version "tlsv1".
1650393819: mosquitto version 2.0.14 starting
1650393819: Config loaded from /mosquitto/config/mosquitto.conf.
1650393819: Opening ipv4 listen socket on port 1883.
1650393819: Opening ipv6 listen socket on port 1883.
1650393819: Error: Unsupported tls_version "tlsv1".
1650393823: mosquitto version 2.0.14 starting
1650393823: Config loaded from /mosquitto/config/mosquitto.conf.
1650393823: Opening ipv4 listen socket on port 1883.
1650393823: Opening ipv6 listen socket on port 1883.
1650393823: Error: Unsupported tls_version "tlsv1".
1650393829: mosquitto version 2.0.14 starting
1650393829: Config loaded from /mosquitto/config/mosquitto.conf.
1650393829: Opening ipv4 listen socket on port 1883.
1650393829: Opening ipv6 listen socket on port 1883.
1650393829: Error: Unsupported tls_version "tlsv1".
1650393842: mosquitto version 2.0.14 starting
1650393842: Config loaded from /mosquitto/config/mosquitto.conf.
1650393842: Opening ipv4 listen socket on port 1883.
1650393842: Opening ipv6 listen socket on port 1883.
1650393842: Error: Unsupported tls_version "tlsv1".
1650393868: mosquitto version 2.0.14 starting
1650393868: Config loaded from /mosquitto/config/mosquitto.conf.
1650393868: Opening ipv4 listen socket on port 1883.
1650393868: Opening ipv6 listen socket on port 1883.
1650393868: Error: Unsupported tls_version "tlsv1".
1650393920: mosquitto version 2.0.14 starting
1650393920: Config loaded from /mosquitto/config/mosquitto.conf.
1650393920: Opening ipv4 listen socket on port 1883.
1650393920: Opening ipv6 listen socket on port 1883.
1650393920: Error: Unsupported tls_version "tlsv1".
1650393980: mosquitto version 2.0.14 starting
1650393980: Config loaded from /mosquitto/config/mosquitto.conf.
1650393980: Opening ipv4 listen socket on port 1883.
1650393980: Opening ipv6 listen socket on port 1883.
1650393980: Error: Unsupported tls_version "tlsv1".
1650394040: mosquitto version 2.0.14 starting
1650394040: Config loaded from /mosquitto/config/mosquitto.conf.
1650394040: Opening ipv4 listen socket on port 1883.
1650394040: Opening ipv6 listen socket on port 1883.
1650394040: Error: Unsupported tls_version "tlsv1".
1650394100: mosquitto version 2.0.14 starting
1650394100: Config loaded from /mosquitto/config/mosquitto.conf.
1650394100: Opening ipv4 listen socket on port 1883.
1650394100: Opening ipv6 listen socket on port 1883.
1650394100: Error: Unsupported tls_version "tlsv1".
1650394160: mosquitto version 2.0.14 starting
1650394160: Config loaded from /mosquitto/config/mosquitto.conf.
1650394160: Opening ipv4 listen socket on port 1883.
1650394160: Opening ipv6 listen socket on port 1883.
1650394160: Error: Unsupported tls_version "tlsv1".
1650394220: mosquitto version 2.0.14 starting
1650394220: Config loaded from /mosquitto/config/mosquitto.conf.
1650394220: Opening ipv4 listen socket on port 1883.
1650394220: Opening ipv6 listen socket on port 1883.
1650394220: Error: Unsupported tls_version "tlsv1".
1650394281: mosquitto version 2.0.14 starting
1650394281: Config loaded from /mosquitto/config/mosquitto.conf.
1650394281: Opening ipv4 listen socket on port 1883.
1650394281: Opening ipv6 listen socket on port 1883.
1650394281: Error: Unsupported tls_version "tlsv1".
1650394703: mosquitto version 2.0.14 starting
1650394703: Config loaded from /mosquitto/config/mosquitto.conf.
1650394703: Opening ipv4 listen socket on port 1883.
1650394703: Opening ipv6 listen socket on port 1883.
1650394703: Error: Unsupported tls_version "tlsv1".
1650394704: mosquitto version 2.0.14 starting
1650394704: Config loaded from /mosquitto/config/mosquitto.conf.
1650394704: Opening ipv4 listen socket on port 1883.
1650394704: Opening ipv6 listen socket on port 1883.
1650394704: Error: Unsupported tls_version "tlsv1".
1650394704: mosquitto version 2.0.14 starting
1650394704: Config loaded from /mosquitto/config/mosquitto.conf.
1650394704: Opening ipv4 listen socket on port 1883.
1650394704: Opening ipv6 listen socket on port 1883.
1650394704: Error: Unsupported tls_version "tlsv1".
1650394705: mosquitto version 2.0.14 starting
1650394705: Config loaded from /mosquitto/config/mosquitto.conf.
1650394705: Opening ipv4 listen socket on port 1883.
1650394705: Opening ipv6 listen socket on port 1883.
1650394705: Error: Unsupported tls_version "tlsv1".
1650394706: mosquitto version 2.0.14 starting
1650394706: Config loaded from /mosquitto/config/mosquitto.conf.
1650394706: Opening ipv4 listen socket on port 1883.
1650394706: Opening ipv6 listen socket on port 1883.
1650394706: Error: Unsupported tls_version "tlsv1".
1650394707: mosquitto version 2.0.14 starting
1650394707: Config loaded from /mosquitto/config/mosquitto.conf.
1650394707: Opening ipv4 listen socket on port 1883.
1650394707: Opening ipv6 listen socket on port 1883.
1650394707: Error: Unsupported tls_version "tlsv1".
1650394711: mosquitto version 2.0.14 starting
1650394711: Config loaded from /mosquitto/config/mosquitto.conf.
1650394711: Opening ipv4 listen socket on port 1883.
1650394711: Opening ipv6 listen socket on port 1883.
1650394711: Error: Unsupported tls_version "tlsv1".
1650394717: mosquitto version 2.0.14 starting
1650394717: Config loaded from /mosquitto/config/mosquitto.conf.
1650394717: Opening ipv4 listen socket on port 1883.
1650394717: Opening ipv6 listen socket on port 1883.
1650394717: Error: Unsupported tls_version "tlsv1".
1650394730: mosquitto version 2.0.14 starting
1650394730: Config loaded from /mosquitto/config/mosquitto.conf.
1650394730: Opening ipv4 listen socket on port 1883.
1650394730: Opening ipv6 listen socket on port 1883.
1650394730: Error: Unsupported tls_version "tlsv1".
1650394756: mosquitto version 2.0.14 starting
1650394756: Config loaded from /mosquitto/config/mosquitto.conf.
1650394756: Opening ipv4 listen socket on port 1883.
1650394756: Opening ipv6 listen socket on port 1883.
1650394756: Error: Unsupported tls_version "tlsv1".
1650394807: mosquitto version 2.0.14 starting
1650394807: Config loaded from /mosquitto/config/mosquitto.conf.
1650394807: Opening ipv4 listen socket on port 1883.
1650394807: Opening ipv6 listen socket on port 1883.
1650394807: Error: Unsupported tls_version "tlsv1".
1650394868: mosquitto version 2.0.14 starting
1650394868: Config loaded from /mosquitto/config/mosquitto.conf.
1650394868: Opening ipv4 listen socket on port 1883.
1650394868: Opening ipv6 listen socket on port 1883.
1650394868: Error: Unsupported tls_version "tlsv1".
1650394928: mosquitto version 2.0.14 starting
1650394928: Config loaded from /mosquitto/config/mosquitto.conf.
1650394928: Opening ipv4 listen socket on port 1883.
1650394928: Opening ipv6 listen socket on port 1883.
1650394928: Error: Unsupported tls_version "tlsv1".
1650394988: mosquitto version 2.0.14 starting
1650394988: Config loaded from /mosquitto/config/mosquitto.conf.
1650394988: Opening ipv4 listen socket on port 1883.
1650394988: Opening ipv6 listen socket on port 1883.
1650394988: Error: Unsupported tls_version "tlsv1".
1650395048: mosquitto version 2.0.14 starting
1650395048: Config loaded from /mosquitto/config/mosquitto.conf.
1650395048: Opening ipv4 listen socket on port 1883.
1650395048: Opening ipv6 listen socket on port 1883.
1650395048: Error: Unsupported tls_version "tlsv1".
1650395108: mosquitto version 2.0.14 starting
1650395108: Config loaded from /mosquitto/config/mosquitto.conf.
1650395108: Opening ipv4 listen socket on port 1883.
1650395108: Opening ipv6 listen socket on port 1883.
1650395108: Error: Unsupported tls_version "tlsv1".
1650395169: mosquitto version 2.0.14 starting
1650395169: Config loaded from /mosquitto/config/mosquitto.conf.
1650395169: Opening ipv4 listen socket on port 1883.
1650395169: Opening ipv6 listen socket on port 1883.
1650395169: Error: Unsupported tls_version "tlsv1".
1650395229: mosquitto version 2.0.14 starting
1650395229: Config loaded from /mosquitto/config/mosquitto.conf.
1650395229: Opening ipv4 listen socket on port 1883.
1650395229: Opening ipv6 listen socket on port 1883.
1650395229: Error: Unsupported tls_version "tlsv1".
1650395289: mosquitto version 2.0.14 starting
1650395289: Config loaded from /mosquitto/config/mosquitto.conf.
1650395289: Opening ipv4 listen socket on port 1883.
1650395289: Opening ipv6 listen socket on port 1883.
1650395289: Error: Unsupported tls_version "tlsv1".
1650395349: mosquitto version 2.0.14 starting
1650395349: Config loaded from /mosquitto/config/mosquitto.conf.
1650395349: Opening ipv4 listen socket on port 1883.
1650395349: Opening ipv6 listen socket on port 1883.
1650395349: Error: Unsupported tls_version "tlsv1".
1650395410: mosquitto version 2.0.14 starting
1650395410: Config loaded from /mosquitto/config/mosquitto.conf.
1650395410: Opening ipv4 listen socket on port 1883.
1650395410: Opening ipv6 listen socket on port 1883.
1650395410: Error: Unsupported tls_version "tlsv1".
1650395470: mosquitto version 2.0.14 starting
1650395470: Config loaded from /mosquitto/config/mosquitto.conf.
1650395470: Opening ipv4 listen socket on port 1883.
1650395470: Opening ipv6 listen socket on port 1883.
1650395470: Error: Unsupported tls_version "tlsv1".
1650395530: mosquitto version 2.0.14 starting
1650395530: Config loaded from /mosquitto/config/mosquitto.conf.
1650395530: Opening ipv4 listen socket on port 1883.
1650395530: Opening ipv6 listen socket on port 1883.
1650395530: Error: Unsupported tls_version "tlsv1".
1650395590: mosquitto version 2.0.14 starting
1650395590: Config loaded from /mosquitto/config/mosquitto.conf.
1650395590: Opening ipv4 listen socket on port 1883.
1650395590: Opening ipv6 listen socket on port 1883.
1650395590: Error: Unsupported tls_version "tlsv1".
1650395650: mosquitto version 2.0.14 starting
1650395650: Config loaded from /mosquitto/config/mosquitto.conf.
1650395650: Opening ipv4 listen socket on port 1883.
1650395650: Opening ipv6 listen socket on port 1883.
1650395650: Error: Unsupported tls_version "tlsv1".
1650395710: mosquitto version 2.0.14 starting
1650395710: Config loaded from /mosquitto/config/mosquitto.conf.
1650395710: Opening ipv4 listen socket on port 1883.
1650395710: Opening ipv6 listen socket on port 1883.
1650395710: Error: Unsupported tls_version "tlsv1".
1650395771: mosquitto version 2.0.14 starting
1650395771: Config loaded from /mosquitto/config/mosquitto.conf.
1650395771: Opening ipv4 listen socket on port 1883.
1650395771: Opening ipv6 listen socket on port 1883.
1650395771: Error: Unsupported tls_version "tlsv1".
1650395831: mosquitto version 2.0.14 starting
1650395831: Config loaded from /mosquitto/config/mosquitto.conf.
1650395831: Opening ipv4 listen socket on port 1883.
1650395831: Opening ipv6 listen socket on port 1883.
1650395831: Error: Unsupported tls_version "tlsv1".
1650395891: mosquitto version 2.0.14 starting
1650395891: Config loaded from /mosquitto/config/mosquitto.conf.
1650395891: Opening ipv4 listen socket on port 1883.
1650395891: Opening ipv6 listen socket on port 1883.
1650395891: Error: Unsupported tls_version "tlsv1".
1650395951: mosquitto version 2.0.14 starting
1650395951: Config loaded from /mosquitto/config/mosquitto.conf.
1650395951: Opening ipv4 listen socket on port 1883.
1650395951: Opening ipv6 listen socket on port 1883.
1650395951: Error: Unsupported tls_version "tlsv1".
1650396011: mosquitto version 2.0.14 starting
1650396011: Config loaded from /mosquitto/config/mosquitto.conf.
1650396011: Opening ipv4 listen socket on port 1883.
1650396011: Opening ipv6 listen socket on port 1883.
1650396011: Error: Unsupported tls_version "tlsv1".
1650396072: mosquitto version 2.0.14 starting
1650396072: Config loaded from /mosquitto/config/mosquitto.conf.
1650396072: Opening ipv4 listen socket on port 1883.
1650396072: Opening ipv6 listen socket on port 1883.
1650396072: Error: Unsupported tls_version "tlsv1".
1650396132: mosquitto version 2.0.14 starting
1650396132: Config loaded from /mosquitto/config/mosquitto.conf.
1650396132: Opening ipv4 listen socket on port 1883.
1650396132: Opening ipv6 listen socket on port 1883.
1650396132: Error: Unsupported tls_version "tlsv1".
1650396192: mosquitto version 2.0.14 starting
1650396192: Config loaded from /mosquitto/config/mosquitto.conf.
1650396192: Opening ipv4 listen socket on port 1883.
1650396192: Opening ipv6 listen socket on port 1883.
1650396192: Error: Unsupported tls_version "tlsv1".
1650396252: mosquitto version 2.0.14 starting
1650396252: Config loaded from /mosquitto/config/mosquitto.conf.
1650396252: Opening ipv4 listen socket on port 1883.
1650396252: Opening ipv6 listen socket on port 1883.
1650396252: Error: Unsupported tls_version "tlsv1".
1650396312: mosquitto version 2.0.14 starting
1650396312: Config loaded from /mosquitto/config/mosquitto.conf.
1650396312: Opening ipv4 listen socket on port 1883.
1650396312: Opening ipv6 listen socket on port 1883.
1650396312: Error: Unsupported tls_version "tlsv1".
1650396372: mosquitto version 2.0.14 starting
1650396372: Config loaded from /mosquitto/config/mosquitto.conf.
1650396372: Opening ipv4 listen socket on port 1883.
1650396372: Opening ipv6 listen socket on port 1883.
1650396372: Error: Unsupported tls_version "tlsv1".
1650396433: mosquitto version 2.0.14 starting
1650396433: Config loaded from /mosquitto/config/mosquitto.conf.
1650396433: Opening ipv4 listen socket on port 1883.
1650396433: Opening ipv6 listen socket on port 1883.
1650396433: Error: Unsupported tls_version "tlsv1".
1650396493: mosquitto version 2.0.14 starting
1650396493: Config loaded from /mosquitto/config/mosquitto.conf.
1650396493: Opening ipv4 listen socket on port 1883.
1650396493: Opening ipv6 listen socket on port 1883.
1650396493: Error: Unsupported tls_version "tlsv1".
1650396553: mosquitto version 2.0.14 starting
1650396553: Config loaded from /mosquitto/config/mosquitto.conf.
1650396553: Opening ipv4 listen socket on port 1883.
1650396553: Opening ipv6 listen socket on port 1883.
1650396553: Error: Unsupported tls_version "tlsv1".
1650396613: mosquitto version 2.0.14 starting
1650396613: Config loaded from /mosquitto/config/mosquitto.conf.
1650396613: Opening ipv4 listen socket on port 1883.
1650396613: Opening ipv6 listen socket on port 1883.
1650396613: Error: Unsupported tls_version "tlsv1".
1650396673: mosquitto version 2.0.14 starting
1650396673: Config loaded from /mosquitto/config/mosquitto.conf.
1650396673: Opening ipv4 listen socket on port 1883.
1650396673: Opening ipv6 listen socket on port 1883.
1650396673: Error: Unsupported tls_version "tlsv1".
1650396734: mosquitto version 2.0.14 starting
1650396734: Config loaded from /mosquitto/config/mosquitto.conf.
1650396734: Opening ipv4 listen socket on port 1883.
1650396734: Opening ipv6 listen socket on port 1883.
1650396734: Error: Unsupported tls_version "tlsv1".
1650396794: mosquitto version 2.0.14 starting
1650396794: Config loaded from /mosquitto/config/mosquitto.conf.
1650396794: Opening ipv4 listen socket on port 1883.
1650396794: Opening ipv6 listen socket on port 1883.
1650396794: Error: Unsupported tls_version "tlsv1".
1650396854: mosquitto version 2.0.14 starting
1650396854: Config loaded from /mosquitto/config/mosquitto.conf.
1650396854: Opening ipv4 listen socket on port 1883.
1650396854: Opening ipv6 listen socket on port 1883.
1650396854: Error: Unsupported tls_version "tlsv1".
1650396914: mosquitto version 2.0.14 starting
1650396914: Config loaded from /mosquitto/config/mosquitto.conf.
1650396914: Opening ipv4 listen socket on port 1883.
1650396914: Opening ipv6 listen socket on port 1883.
1650396914: Error: Unsupported tls_version "tlsv1".
1650396974: mosquitto version 2.0.14 starting
1650396974: Config loaded from /mosquitto/config/mosquitto.conf.
1650396974: Opening ipv4 listen socket on port 1883.
1650396974: Opening ipv6 listen socket on port 1883.
1650396974: Error: Unsupported tls_version "tlsv1".
1650397034: mosquitto version 2.0.14 starting
1650397034: Config loaded from /mosquitto/config/mosquitto.conf.
1650397034: Opening ipv4 listen socket on port 1883.
1650397034: Opening ipv6 listen socket on port 1883.
1650397034: Error: Unsupported tls_version "tlsv1".
1650397095: mosquitto version 2.0.14 starting
1650397095: Config loaded from /mosquitto/config/mosquitto.conf.
1650397095: Opening ipv4 listen socket on port 1883.
1650397095: Opening ipv6 listen socket on port 1883.
1650397095: Error: Unsupported tls_version "tlsv1".
1650397155: mosquitto version 2.0.14 starting
1650397155: Config loaded from /mosquitto/config/mosquitto.conf.
1650397155: Opening ipv4 listen socket on port 1883.
1650397155: Opening ipv6 listen socket on port 1883.
1650397155: Error: Unsupported tls_version "tlsv1".
1650397215: mosquitto version 2.0.14 starting
1650397215: Config loaded from /mosquitto/config/mosquitto.conf.
1650397215: Opening ipv4 listen socket on port 1883.
1650397215: Opening ipv6 listen socket on port 1883.
1650397215: Error: Unsupported tls_version "tlsv1".
1650397275: mosquitto version 2.0.14 starting
1650397275: Config loaded from /mosquitto/config/mosquitto.conf.
1650397275: Opening ipv4 listen socket on port 1883.
1650397275: Opening ipv6 listen socket on port 1883.
1650397275: Error: Unsupported tls_version "tlsv1".
1650397335: mosquitto version 2.0.14 starting
1650397335: Config loaded from /mosquitto/config/mosquitto.conf.
1650397335: Opening ipv4 listen socket on port 1883.
1650397335: Opening ipv6 listen socket on port 1883.
1650397335: Error: Unsupported tls_version "tlsv1".
